Executing 0 for sum_instances/O/500/kpf_10_sum.txt...
2463 2540
Executing 1 for sum_instances/O/500/kpf_10_sum.txt...
2463 2524
Executing 2 for sum_instances/O/500/kpf_10_sum.txt...
2463 2535
Executing 3 for sum_instances/O/500/kpf_10_sum.txt...
2463 2535
Executing 4 for sum_instances/O/500/kpf_10_sum.txt...
2463 2542
Executing 5 for sum_instances/O/500/kpf_10_sum.txt...
2463 2535
Executing 6 for sum_instances/O/500/kpf_10_sum.txt...
2463 2543
Executing 7 for sum_instances/O/500/kpf_10_sum.txt...
2463 2529
Executing 8 for sum_instances/O/500/kpf_10_sum.txt...
2463 2530
Executing 9 for sum_instances/O/500/kpf_10_sum.txt...
2463 2533
Data successfully written to the file.
Executing 0 for sum_instances/O/500/kpf_8_sum.txt...
2473 2545
Executing 1 for sum_instances/O/500/kpf_8_sum.txt...
2473 2546
Executing 2 for sum_instances/O/500/kpf_8_sum.txt...
2473 2541
Executing 3 for sum_instances/O/500/kpf_8_sum.txt...
2473 2546
Executing 4 for sum_instances/O/500/kpf_8_sum.txt...
2473 2542
Executing 5 for sum_instances/O/500/kpf_8_sum.txt...
2473 2539
Executing 6 for sum_instances/O/500/kpf_8_sum.txt...
2473 2547
Executing 7 for sum_instances/O/500/kpf_8_sum.txt...
2473 2541
Executing 8 for sum_instances/O/500/kpf_8_sum.txt...
2473 2545
Executing 9 for sum_instances/O/500/kpf_8_sum.txt...
2473 2542
Data successfully written to the file.
Executing 0 for sum_instances/O/500/kpf_6_sum.txt...
2493 2559
Executing 1 for sum_instances/O/500/kpf_6_sum.txt...
2493 2572
Executing 2 for sum_instances/O/500/kpf_6_sum.txt...
2493 2559
Executing 3 for sum_instances/O/500/kpf_6_sum.txt...
2493 2576
Executing 4 for sum_instances/O/500/kpf_6_sum.txt...
2493 2560
Executing 5 for sum_instances/O/500/kpf_6_sum.txt...
2493 2589
Executing 6 for sum_instances/O/500/kpf_6_sum.txt...
2493 2578
Executing 7 for sum_instances/O/500/kpf_6_sum.txt...
2493 2595
Executing 8 for sum_instances/O/500/kpf_6_sum.txt...
2493 2580
Executing 9 for sum_instances/O/500/kpf_6_sum.txt...
2493 2560
Data successfully written to the file.
Executing 0 for sum_instances/O/500/kpf_1_sum.txt...
2510 2609
Executing 1 for sum_instances/O/500/kpf_1_sum.txt...
2510 2585
Executing 2 for sum_instances/O/500/kpf_1_sum.txt...
2510 2582
Executing 3 for sum_instances/O/500/kpf_1_sum.txt...
2510 2616
Executing 4 for sum_instances/O/500/kpf_1_sum.txt...
2510 2593
Executing 5 for sum_instances/O/500/kpf_1_sum.txt...
2510 2613
Executing 6 for sum_instances/O/500/kpf_1_sum.txt...
2510 2609
Executing 7 for sum_instances/O/500/kpf_1_sum.txt...
2510 2613
Executing 8 for sum_instances/O/500/kpf_1_sum.txt...
2510 2611
Executing 9 for sum_instances/O/500/kpf_1_sum.txt...
2510 2618
Data successfully written to the file.
Executing 0 for sum_instances/O/500/kpf_2_sum.txt...
2556 2614
Executing 1 for sum_instances/O/500/kpf_2_sum.txt...
2556 2608
Executing 2 for sum_instances/O/500/kpf_2_sum.txt...
2556 2614
Executing 3 for sum_instances/O/500/kpf_2_sum.txt...
2556 2616
Executing 4 for sum_instances/O/500/kpf_2_sum.txt...
2556 2620
Executing 5 for sum_instances/O/500/kpf_2_sum.txt...
2556 2612
Executing 6 for sum_instances/O/500/kpf_2_sum.txt...
2556 2612
Executing 7 for sum_instances/O/500/kpf_2_sum.txt...
2556 2617
Executing 8 for sum_instances/O/500/kpf_2_sum.txt...
2556 2614
Executing 9 for sum_instances/O/500/kpf_2_sum.txt...
2556 2618
Data successfully written to the file.
Executing 0 for sum_instances/O/500/kpf_7_sum.txt...
2470 2599
Executing 1 for sum_instances/O/500/kpf_7_sum.txt...
2470 2599
Executing 2 for sum_instances/O/500/kpf_7_sum.txt...
2470 2574
Executing 3 for sum_instances/O/500/kpf_7_sum.txt...
2470 2575
Executing 4 for sum_instances/O/500/kpf_7_sum.txt...
2470 2568
Executing 5 for sum_instances/O/500/kpf_7_sum.txt...
2470 2598
Executing 6 for sum_instances/O/500/kpf_7_sum.txt...
2470 2598
Executing 7 for sum_instances/O/500/kpf_7_sum.txt...
2470 2606
Executing 8 for sum_instances/O/500/kpf_7_sum.txt...
2470 2582
Executing 9 for sum_instances/O/500/kpf_7_sum.txt...
2470 2575
Data successfully written to the file.
Executing 0 for sum_instances/O/500/kpf_4_sum.txt...
2441 2503
Executing 1 for sum_instances/O/500/kpf_4_sum.txt...
2441 2522
Executing 2 for sum_instances/O/500/kpf_4_sum.txt...
2441 2526
Executing 3 for sum_instances/O/500/kpf_4_sum.txt...
2441 2524
Executing 4 for sum_instances/O/500/kpf_4_sum.txt...
2441 2527
Executing 5 for sum_instances/O/500/kpf_4_sum.txt...
2441 2537
Executing 6 for sum_instances/O/500/kpf_4_sum.txt...
2441 2524
Executing 7 for sum_instances/O/500/kpf_4_sum.txt...
2441 2527
Executing 8 for sum_instances/O/500/kpf_4_sum.txt...
2441 2533
Executing 9 for sum_instances/O/500/kpf_4_sum.txt...
2441 2509
Data successfully written to the file.
Executing 0 for sum_instances/O/500/kpf_9_sum.txt...
2524 2605
Executing 1 for sum_instances/O/500/kpf_9_sum.txt...
2524 2610
Executing 2 for sum_instances/O/500/kpf_9_sum.txt...
2524 2600
Executing 3 for sum_instances/O/500/kpf_9_sum.txt...
2524 2581
Executing 4 for sum_instances/O/500/kpf_9_sum.txt...
2524 2608
Executing 5 for sum_instances/O/500/kpf_9_sum.txt...
2524 2610
Executing 6 for sum_instances/O/500/kpf_9_sum.txt...
2524 2586
Executing 7 for sum_instances/O/500/kpf_9_sum.txt...
2524 2612
Executing 8 for sum_instances/O/500/kpf_9_sum.txt...
2524 2596
Executing 9 for sum_instances/O/500/kpf_9_sum.txt...
2524 2600
Data successfully written to the file.
Executing 0 for sum_instances/O/500/kpf_3_sum.txt...
2411 2467
Executing 1 for sum_instances/O/500/kpf_3_sum.txt...
2411 2490
Executing 2 for sum_instances/O/500/kpf_3_sum.txt...
2411 2493
Executing 3 for sum_instances/O/500/kpf_3_sum.txt...
2411 2491
Executing 4 for sum_instances/O/500/kpf_3_sum.txt...
2411 2491
Executing 5 for sum_instances/O/500/kpf_3_sum.txt...
2411 2491
Executing 6 for sum_instances/O/500/kpf_3_sum.txt...
2411 2476
Executing 7 for sum_instances/O/500/kpf_3_sum.txt...
2411 2490
Executing 8 for sum_instances/O/500/kpf_3_sum.txt...
2411 2478
Executing 9 for sum_instances/O/500/kpf_3_sum.txt...
2411 2479
Data successfully written to the file.
Executing 0 for sum_instances/O/500/kpf_5_sum.txt...
2518 2597
Executing 1 for sum_instances/O/500/kpf_5_sum.txt...
2518 2597
Executing 2 for sum_instances/O/500/kpf_5_sum.txt...
2518 2592
Executing 3 for sum_instances/O/500/kpf_5_sum.txt...
2518 2605
Executing 4 for sum_instances/O/500/kpf_5_sum.txt...
2518 2602
Executing 5 for sum_instances/O/500/kpf_5_sum.txt...
2518 2598
Executing 6 for sum_instances/O/500/kpf_5_sum.txt...
2518 2604
Executing 7 for sum_instances/O/500/kpf_5_sum.txt...
2518 2600
Executing 8 for sum_instances/O/500/kpf_5_sum.txt...
2518 2586
Executing 9 for sum_instances/O/500/kpf_5_sum.txt...
2518 2605
Data successfully written to the file.
./a.out: /lib/x86_64-linux-gnu/libm.so.6: version `GLIBC_2.38' not found (required by ./a.out)
./a.out: /lib/x86_64-linux-gnu/libstdc++.so.6: version `GLIBCXX_3.4.32' not found (required by ./a.out)
./a.out: /lib/x86_64-linux-gnu/libc.so.6: version `GLIBC_2.38' not found (required by ./a.out)
./a.out: /lib/x86_64-linux-gnu/libm.so.6: version `GLIBC_2.38' not found (required by ./a.out)
./a.out: /lib/x86_64-linux-gnu/libstdc++.so.6: version `GLIBCXX_3.4.32' not found (required by ./a.out)
./a.out: /lib/x86_64-linux-gnu/libc.so.6: version `GLIBC_2.38' not found (required by ./a.out)
